<?xml version="1.0" encoding="utf-8"?>
<CoverageSession xmlns:xsd="http://www.w3.org/2001/XMLSchema" xmlns:xsi="http://www.w3.org/2001/XMLSchema-instance">
  <Modules>
    <Module skippedDueTo="Filter" hash="E9-A8-6A-CC-31-FF-25-91-E6-86-F2-D5-72-EE-77-7D-AB-36-F0-0B">
      <FullName>C:\Windows\Microsoft.Net\assembly\GAC_32\mscorlib\v4.0_4.0.0.0__b77a5c561934e089\mscorlib.dll</FullName>
      <ModuleName>mscorlib</ModuleName>
      <Classes />
    </Module>
    <Module skippedDueTo="MissingPdb" hash="F2-88-6F-25-4E-20-75-4B-26-EB-92-FB-BB-B2-61-C4-AE-3C-02-C0">
      <FullName>C:\Program Files (x86)\SharpDevelop\4.4\bin\Tools\NUnit\nunit-console-x86.exe</FullName>
      <ModuleName>nunit-console</ModuleName>
      <Classes />
    </Module>
    <Module skippedDueTo="MissingPdb" hash="33-E1-CA-24-52-5A-B7-C7-C4-AF-91-2C-A9-4A-C0-37-67-0D-5B-FE">
      <FullName>C:\Program Files (x86)\SharpDevelop\4.4\bin\Tools\NUnit\lib\nunit.core.dll</FullName>
      <ModuleName>nunit.core</ModuleName>
      <Classes />
    </Module>
    <Module skippedDueTo="MissingPdb" hash="2A-C4-E5-DE-F3-EE-AD-84-E1-65-84-CC-15-90-76-96-E7-01-44-4E">
      <FullName>C:\Program Files (x86)\SharpDevelop\4.4\bin\Tools\NUnit\lib\nunit-console-runner.dll</FullName>
      <ModuleName>nunit-console-runner</ModuleName>
      <Classes />
    </Module>
    <Module skippedDueTo="MissingPdb" hash="74-74-F6-87-59-E1-5F-4F-5F-5E-6E-82-50-E8-E2-46-D4-86-15-76">
      <FullName>C:\Program Files (x86)\SharpDevelop\4.4\bin\Tools\NUnit\lib\nunit.util.dll</FullName>
      <ModuleName>nunit.util</ModuleName>
      <Classes />
    </Module>
    <Module skippedDueTo="MissingPdb" hash="D3-A4-4D-85-55-F7-CE-EF-A5-90-AA-EF-58-E0-9F-B6-CC-27-99-53">
      <FullName>C:\Program Files (x86)\SharpDevelop\4.4\bin\Tools\NUnit\lib\nunit.core.interfaces.dll</FullName>
      <ModuleName>nunit.core.interfaces</ModuleName>
      <Classes />
    </Module>
    <Module skippedDueTo="Filter" hash="8F-6E-E8-4F-40-6A-75-31-1B-08-C2-22-D5-EA-FE-23-3B-7B-82-15">
      <FullName>C:\Windows\Microsoft.Net\assembly\GAC_MSIL\System.Configuration\v4.0_4.0.0.0__b03f5f7f11d50a3a\System.Configuration.dll</FullName>
      <ModuleName>System.Configuration</ModuleName>
      <Classes />
    </Module>
    <Module skippedDueTo="Filter" hash="8F-46-4B-BE-28-40-30-A2-E6-52-58-36-C3-F3-E3-75-03-AF-F4-FC">
      <FullName>C:\Windows\Microsoft.Net\assembly\GAC_MSIL\System\v4.0_4.0.0.0__b77a5c561934e089\System.dll</FullName>
      <ModuleName>System</ModuleName>
      <Classes />
    </Module>
    <Module skippedDueTo="Filter" hash="2E-28-A3-E7-4F-05-75-91-3B-B4-A6-B7-58-E7-27-B0-EF-F7-52-11">
      <FullName>C:\Windows\Microsoft.Net\assembly\GAC_MSIL\System.Xml\v4.0_4.0.0.0__b77a5c561934e089\System.Xml.dll</FullName>
      <ModuleName>System.Xml</ModuleName>
      <Classes />
    </Module>
    <Module skippedDueTo="Filter" hash="65-BE-6B-9B-9C-55-6A-4D-DB-BD-03-60-FD-69-20-48-31-78-A9-5B">
      <FullName>C:\Windows\Microsoft.Net\assembly\GAC_MSIL\System.Runtime.Remoting\v4.0_4.0.0.0__b77a5c561934e089\System.Runtime.Remoting.dll</FullName>
      <ModuleName>System.Runtime.Remoting</ModuleName>
      <Classes />
    </Module>
    <Module skippedDueTo="MissingPdb" hash="33-E1-CA-24-52-5A-B7-C7-C4-AF-91-2C-A9-4A-C0-37-67-0D-5B-FE">
      <FullName>C:\Program Files (x86)\SharpDevelop\4.4\bin\Tools\NUnit\lib\nunit.core.dll</FullName>
      <ModuleName>nunit.core</ModuleName>
      <Classes />
    </Module>
    <Module skippedDueTo="Filter" hash="8F-46-4B-BE-28-40-30-A2-E6-52-58-36-C3-F3-E3-75-03-AF-F4-FC">
      <FullName>C:\Windows\Microsoft.Net\assembly\GAC_MSIL\System\v4.0_4.0.0.0__b77a5c561934e089\System.dll</FullName>
      <ModuleName>System</ModuleName>
      <Classes />
    </Module>
    <Module skippedDueTo="Filter" hash="2E-28-A3-E7-4F-05-75-91-3B-B4-A6-B7-58-E7-27-B0-EF-F7-52-11">
      <FullName>C:\Windows\Microsoft.Net\assembly\GAC_MSIL\System.Xml\v4.0_4.0.0.0__b77a5c561934e089\System.Xml.dll</FullName>
      <ModuleName>System.Xml</ModuleName>
      <Classes />
    </Module>
    <Module skippedDueTo="MissingPdb" hash="D3-A4-4D-85-55-F7-CE-EF-A5-90-AA-EF-58-E0-9F-B6-CC-27-99-53">
      <FullName>C:\Program Files (x86)\SharpDevelop\4.4\bin\Tools\NUnit\lib\nunit.core.interfaces.dll</FullName>
      <ModuleName>nunit.core.interfaces</ModuleName>
      <Classes />
    </Module>
    <Module hash="DF-DD-09-38-A5-9A-69-5F-CD-E0-8F-4C-6E-C4-65-0C-43-16-C0-58">
      <FullName>C:\Users\Rayane\AppData\Local\Temp\nunit20\ShadowCopyCache\5584_635367397428618301\Tests_7403089\assembly\dl3\39abf4da\4d7e4a23_2079cf01\Nurl.Test.dll</FullName>
      <ModuleName>Nurl.Test</ModuleName>
      <Files>
        <File uid="1" fullPath="c:\Users\Rayane\Documents\GitHub\CSharpProjectsExercices\Nurl_Solution\Nurl.Test\ParserTest.cs" />
      </Files>
      <Classes>
        <Class>
          <FullName>&lt;Module&gt;</FullName>
          <Methods />
        </Class>
        <Class>
          <FullName>Nurl.Test.ParserTest</FullName>
          <Methods>
            <Method visited="true" cyclomaticComplexity="1" sequenceCoverage="100" branchCoverage="100" isConstructor="false" isStatic="false" isGetter="false" isSetter="false">
              <MetadataToken>100663297</MetadataToken>
              <Name>System.Void Nurl.Test.ParserTest::GetWithSaveOption()</Name>
              <FileRef uid="1" />
              <SequencePoints>
                <SequencePoint vc="1" uspid="1" ordinal="0" offset="0" sl="19" sc="3" el="19" ec="4" />
                <SequencePoint vc="1" uspid="2" ordinal="1" offset="1" sl="20" sc="4" el="20" ec="92" />
                <SequencePoint vc="1" uspid="3" ordinal="2" offset="50" sl="21" sc="4" el="21" ec="33" />
                <SequencePoint vc="1" uspid="4" ordinal="3" offset="57" sl="22" sc="4" el="22" ec="18" />
                <SequencePoint vc="1" uspid="5" ordinal="4" offset="64" sl="24" sc="4" el="24" ec="87" />
                <SequencePoint vc="1" uspid="6" ordinal="5" offset="81" sl="25" sc="3" el="25" ec="4" />
              </SequencePoints>
              <BranchPoints />
              <MethodPoint xsi:type="SequencePoint" vc="1" uspid="1" ordinal="0" offset="0" sl="19" sc="3" el="19" ec="4" />
            </Method>
            <Method visited="true" cyclomaticComplexity="1" sequenceCoverage="100" branchCoverage="100" isConstructor="false" isStatic="false" isGetter="false" isSetter="false">
              <MetadataToken>100663298</MetadataToken>
              <Name>System.Void Nurl.Test.ParserTest::GetWithoutUrlOption()</Name>
              <FileRef uid="1" />
              <SequencePoints>
                <SequencePoint vc="1" uspid="7" ordinal="0" offset="0" sl="28" sc="36" el="28" ec="37" />
                <SequencePoint vc="1" uspid="8" ordinal="1" offset="1" sl="29" sc="4" el="29" ec="65" />
                <SequencePoint vc="1" uspid="9" ordinal="2" offset="34" sl="30" sc="4" el="30" ec="33" />
                <SequencePoint vc="1" uspid="10" ordinal="3" offset="41" sl="31" sc="4" el="31" ec="18" />
                <SequencePoint vc="1" uspid="11" ordinal="4" offset="48" sl="33" sc="4" el="33" ec="31" />
                <SequencePoint vc="1" uspid="12" ordinal="5" offset="60" sl="34" sc="3" el="34" ec="4" />
              </SequencePoints>
              <BranchPoints />
              <MethodPoint xsi:type="SequencePoint" vc="1" uspid="7" ordinal="0" offset="0" sl="28" sc="36" el="28" ec="37" />
            </Method>
            <Method visited="true" cyclomaticComplexity="1" sequenceCoverage="100" branchCoverage="100" isConstructor="false" isStatic="false" isGetter="false" isSetter="false">
              <MetadataToken>100663299</MetadataToken>
              <Name>System.Void Nurl.Test.ParserTest::GetOptionUrlWithoutValue()</Name>
              <FileRef uid="1" />
              <SequencePoints>
                <SequencePoint vc="1" uspid="13" ordinal="0" offset="0" sl="37" sc="41" el="37" ec="42" />
                <SequencePoint vc="1" uspid="14" ordinal="1" offset="1" sl="38" sc="4" el="38" ec="47" />
                <SequencePoint vc="1" uspid="15" ordinal="2" offset="26" sl="39" sc="4" el="39" ec="33" />
                <SequencePoint vc="1" uspid="16" ordinal="3" offset="33" sl="40" sc="4" el="40" ec="18" />
                <SequencePoint vc="1" uspid="17" ordinal="4" offset="40" sl="42" sc="4" el="42" ec="31" />
                <SequencePoint vc="1" uspid="18" ordinal="5" offset="52" sl="43" sc="3" el="43" ec="4" />
              </SequencePoints>
              <BranchPoints />
              <MethodPoint xsi:type="SequencePoint" vc="1" uspid="13" ordinal="0" offset="0" sl="37" sc="41" el="37" ec="42" />
            </Method>
            <Method visited="true" cyclomaticComplexity="1" sequenceCoverage="100" branchCoverage="100" isConstructor="false" isStatic="false" isGetter="false" isSetter="false">
              <MetadataToken>100663300</MetadataToken>
              <Name>System.Void Nurl.Test.ParserTest::TestOptionTimeWithoutValue()</Name>
              <FileRef uid="1" />
              <SequencePoints>
                <SequencePoint vc="1" uspid="19" ordinal="0" offset="0" sl="46" sc="43" el="46" ec="44" />
                <SequencePoint vc="1" uspid="20" ordinal="1" offset="1" sl="47" sc="4" el="47" ec="50" />
                <SequencePoint vc="1" uspid="21" ordinal="2" offset="26" sl="48" sc="4" el="48" ec="33" />
                <SequencePoint vc="1" uspid="22" ordinal="3" offset="33" sl="49" sc="4" el="49" ec="18" />
                <SequencePoint vc="1" uspid="23" ordinal="4" offset="40" sl="51" sc="4" el="51" ec="31" />
                <SequencePoint vc="1" uspid="24" ordinal="5" offset="52" sl="52" sc="3" el="52" ec="4" />
              </SequencePoints>
              <BranchPoints />
              <MethodPoint xsi:type="SequencePoint" vc="1" uspid="19" ordinal="0" offset="0" sl="46" sc="43" el="46" ec="44" />
            </Method>
            <Method visited="true" cyclomaticComplexity="1" sequenceCoverage="83" branchCoverage="100" isConstructor="false" isStatic="false" isGetter="false" isSetter="false">
              <MetadataToken>100663301</MetadataToken>
              <Name>System.Void Nurl.Test.ParserTest::TestOptionTimeWithValue()</Name>
              <FileRef uid="1" />
              <SequencePoints>
                <SequencePoint vc="1" uspid="25" ordinal="0" offset="0" sl="55" sc="40" el="55" ec="41" />
                <SequencePoint vc="1" uspid="26" ordinal="1" offset="1" sl="56" sc="4" el="56" ec="54" />
                <SequencePoint vc="1" uspid="27" ordinal="2" offset="34" sl="57" sc="4" el="57" ec="33" />
                <SequencePoint vc="1" uspid="28" ordinal="3" offset="41" sl="58" sc="4" el="58" ec="18" />
                <SequencePoint vc="1" uspid="29" ordinal="4" offset="48" sl="60" sc="4" el="60" ec="32" />
                <SequencePoint vc="0" uspid="30" ordinal="5" offset="60" sl="61" sc="3" el="61" ec="4" />
              </SequencePoints>
              <BranchPoints />
              <MethodPoint xsi:type="SequencePoint" vc="1" uspid="25" ordinal="0" offset="0" sl="55" sc="40" el="55" ec="41" />
            </Method>
            <Method visited="true" cyclomaticComplexity="1" sequenceCoverage="0" branchCoverage="0" isConstructor="true" isStatic="false" isGetter="false" isSetter="false">
              <MetadataToken>100663302</MetadataToken>
              <Name>System.Void Nurl.Test.ParserTest::.ctor()</Name>
              <SequencePoints />
              <BranchPoints />
              <MethodPoint vc="1" uspid="31" ordinal="0" offset="0" />
            </Method>
          </Methods>
        </Class>
      </Classes>
    </Module>
    <Module skippedDueTo="MissingPdb" hash="42-83-FE-A6-9F-01-8E-2C-E8-41-E9-25-3E-1E-0D-99-81-76-6B-C9">
      <FullName>C:\Users\Rayane\AppData\Local\Temp\nunit20\ShadowCopyCache\5584_635367397428618301\Tests_7403089\assembly\dl3\78470d70\00a39004_36dace01\nunit.framework.dll</FullName>
      <ModuleName>nunit.framework</ModuleName>
      <Classes />
    </Module>
    <Module skippedDueTo="Filter" hash="8F-6E-E8-4F-40-6A-75-31-1B-08-C2-22-D5-EA-FE-23-3B-7B-82-15">
      <FullName>C:\Windows\Microsoft.Net\assembly\GAC_MSIL\System.Configuration\v4.0_4.0.0.0__b03f5f7f11d50a3a\System.Configuration.dll</FullName>
      <ModuleName>System.Configuration</ModuleName>
      <Classes />
    </Module>
    <Module hash="88-55-D1-4E-21-0A-1E-92-7E-20-09-A9-D5-AC-AE-E9-2B-27-50-93">
      <FullName>C:\Users\Rayane\AppData\Local\Temp\nunit20\ShadowCopyCache\5584_635367397428618301\Tests_7403089\assembly\dl3\f8a76e08\01efaa68_1f79cf01\Nurl.exe</FullName>
      <ModuleName>Nurl</ModuleName>
      <Files>
        <File uid="3" fullPath="c:\Users\Rayane\Documents\GitHub\CSharpProjectsExercices\Nurl_Solution\Nurl\ArgumentLine.cs" />
        <File uid="4" fullPath="c:\Users\Rayane\Documents\GitHub\CSharpProjectsExercices\Nurl_Solution\Nurl\Parser.cs" />
        <File uid="5" fullPath="c:\Users\Rayane\Documents\GitHub\CSharpProjectsExercices\Nurl_Solution\Nurl\Program.cs" />
      </Files>
      <Classes>
        <Class>
          <FullName>&lt;Module&gt;</FullName>
          <Methods />
        </Class>
        <Class>
          <FullName>Nurl.ArgumentLine</FullName>
          <Methods>
            <Method visited="true" cyclomaticComplexity="1" sequenceCoverage="0" branchCoverage="0" isConstructor="false" isStatic="false" isGetter="true" isSetter="false">
              <MetadataToken>100663297</MetadataToken>
              <Name>System.Boolean Nurl.ArgumentLine::get_useGet()</Name>
              <SequencePoints />
              <BranchPoints />
              <MethodPoint vc="7" uspid="32" ordinal="0" offset="0" />
            </Method>
            <Method visited="true" cyclomaticComplexity="1" sequenceCoverage="0" branchCoverage="0" isConstructor="false" isStatic="false" isGetter="false" isSetter="true">
              <MetadataToken>100663298</MetadataToken>
              <Name>System.Void Nurl.ArgumentLine::set_useGet(System.Boolean)</Name>
              <SequencePoints />
              <BranchPoints />
              <MethodPoint vc="8" uspid="33" ordinal="0" offset="0" />
            </Method>
            <Method visited="true" cyclomaticComplexity="1" sequenceCoverage="0" branchCoverage="0" isConstructor="false" isStatic="false" isGetter="true" isSetter="false">
              <MetadataToken>100663299</MetadataToken>
              <Name>System.Boolean Nurl.ArgumentLine::get_useTest()</Name>
              <SequencePoints />
              <BranchPoints />
              <MethodPoint vc="3" uspid="34" ordinal="0" offset="0" />
            </Method>
            <Method visited="true" cyclomaticComplexity="1" sequenceCoverage="0" branchCoverage="0" isConstructor="false" isStatic="false" isGetter="false" isSetter="true">
              <MetadataToken>100663300</MetadataToken>
              <Name>System.Void Nurl.ArgumentLine::set_useTest(System.Boolean)</Name>
              <SequencePoints />
              <BranchPoints />
              <MethodPoint vc="7" uspid="35" ordinal="0" offset="0" />
            </Method>
            <Method visited="true" cyclomaticComplexity="1" sequenceCoverage="0" branchCoverage="0" isConstructor="false" isStatic="false" isGetter="true" isSetter="false">
              <MetadataToken>100663301</MetadataToken>
              <Name>System.Boolean Nurl.ArgumentLine::get_useAvg()</Name>
              <SequencePoints />
              <BranchPoints />
              <MethodPoint vc="1" uspid="36" ordinal="0" offset="0" />
            </Method>
            <Method visited="true" cyclomaticComplexity="1" sequenceCoverage="0" branchCoverage="0" isConstructor="false" isStatic="false" isGetter="false" isSetter="true">
              <MetadataToken>100663302</MetadataToken>
              <Name>System.Void Nurl.ArgumentLine::set_useAvg(System.Boolean)</Name>
              <SequencePoints />
              <BranchPoints />
              <MethodPoint vc="5" uspid="37" ordinal="0" offset="0" />
            </Method>
            <Method visited="false" cyclomaticComplexity="1" sequenceCoverage="0" branchCoverage="0" isConstructor="false" isStatic="false" isGetter="true" isSetter="false">
              <MetadataToken>100663303</MetadataToken>
              <Name>System.Collections.Generic.KeyValuePair`2&lt;System.Boolean,System.String&gt; Nurl.ArgumentLine::get_useSave()</Name>
              <SequencePoints />
              <BranchPoints />
              <MethodPoint vc="0" uspid="38" ordinal="0" offset="0" />
            </Method>
            <Method visited="true" cyclomaticComplexity="1" sequenceCoverage="0" branchCoverage="0" isConstructor="false" isStatic="false" isGetter="false" isSetter="true">
              <MetadataToken>100663304</MetadataToken>
              <Name>System.Void Nurl.ArgumentLine::set_useSave(System.Collections.Generic.KeyValuePair`2&lt;System.Boolean,System.String&gt;)</Name>
              <SequencePoints />
              <BranchPoints />
              <MethodPoint vc="7" uspid="39" ordinal="0" offset="0" />
            </Method>
            <Method visited="true" cyclomaticComplexity="1" sequenceCoverage="0" branchCoverage="0" isConstructor="false" isStatic="false" isGetter="true" isSetter="false">
              <MetadataToken>100663305</MetadataToken>
              <Name>System.Collections.Generic.KeyValuePair`2&lt;System.Boolean,System.Int32&gt; Nurl.ArgumentLine::get_useTimes()</Name>
              <SequencePoints />
              <BranchPoints />
              <MethodPoint vc="1" uspid="40" ordinal="0" offset="0" />
            </Method>
            <Method visited="true" cyclomaticComplexity="1" sequenceCoverage="0" branchCoverage="0" isConstructor="false" isStatic="false" isGetter="false" isSetter="true">
              <MetadataToken>100663306</MetadataToken>
              <Name>System.Void Nurl.ArgumentLine::set_useTimes(System.Collections.Generic.KeyValuePair`2&lt;System.Boolean,System.Int32&gt;)</Name>
              <SequencePoints />
              <BranchPoints />
              <MethodPoint vc="6" uspid="41" ordinal="0" offset="0" />
            </Method>
            <Method visited="true" cyclomaticComplexity="1" sequenceCoverage="0" branchCoverage="0" isConstructor="false" isStatic="false" isGetter="true" isSetter="false">
              <MetadataToken>100663307</MetadataToken>
              <Name>System.Collections.Generic.KeyValuePair`2&lt;System.Boolean,System.String&gt; Nurl.ArgumentLine::get_useUrl()</Name>
              <SequencePoints />
              <BranchPoints />
              <MethodPoint vc="3" uspid="42" ordinal="0" offset="0" />
            </Method>
            <Method visited="true" cyclomaticComplexity="1" sequenceCoverage="0" branchCoverage="0" isConstructor="false" isStatic="false" isGetter="false" isSetter="true">
              <MetadataToken>100663308</MetadataToken>
              <Name>System.Void Nurl.ArgumentLine::set_useUrl(System.Collections.Generic.KeyValuePair`2&lt;System.Boolean,System.String&gt;)</Name>
              <SequencePoints />
              <BranchPoints />
              <MethodPoint vc="6" uspid="43" ordinal="0" offset="0" />
            </Method>
            <Method visited="true" cyclomaticComplexity="1" sequenceCoverage="100" branchCoverage="100" isConstructor="true" isStatic="false" isGetter="false" isSetter="false">
              <MetadataToken>100663309</MetadataToken>
              <Name>System.Void Nurl.ArgumentLine::.ctor()</Name>
              <FileRef uid="3" />
              <SequencePoints>
                <SequencePoint vc="5" uspid="44" ordinal="0" offset="0" sl="50" sc="3" el="50" ec="24" />
                <SequencePoint vc="5" uspid="45" ordinal="1" offset="7" sl="51" sc="3" el="51" ec="4" />
                <SequencePoint vc="5" uspid="46" ordinal="2" offset="8" sl="52" sc="4" el="52" ec="74" />
                <SequencePoint vc="5" uspid="47" ordinal="3" offset="36" sl="53" sc="4" el="53" ec="52" />
                <SequencePoint vc="5" uspid="48" ordinal="4" offset="50" sl="54" sc="4" el="54" ec="38" />
                <SequencePoint vc="5" uspid="49" ordinal="5" offset="78" sl="55" sc="3" el="55" ec="4" />
              </SequencePoints>
              <BranchPoints />
              <MethodPoint xsi:type="SequencePoint" vc="5" uspid="44" ordinal="0" offset="0" sl="50" sc="3" el="50" ec="24" />
            </Method>
          </Methods>
        </Class>
        <Class>
          <FullName>Nurl.Parser</FullName>
          <Methods>
            <Method visited="true" cyclomaticComplexity="1" sequenceCoverage="100" branchCoverage="100" isConstructor="false" isStatic="false" isGetter="true" isSetter="false">
              <MetadataToken>100663313</MetadataToken>
              <Name>System.Boolean Nurl.Parser::get_HadErrors()</Name>
              <FileRef uid="4" />
              <SequencePoints>
                <SequencePoint vc="5" uspid="50" ordinal="0" offset="0" sl="116" sc="7" el="116" ec="8" />
                <SequencePoint vc="5" uspid="51" ordinal="1" offset="1" sl="116" sc="8" el="116" ec="29" />
                <SequencePoint vc="5" uspid="52" ordinal="2" offset="10" sl="116" sc="29" el="116" ec="30" />
              </SequencePoints>
              <BranchPoints />
              <MethodPoint xsi:type="SequencePoint" vc="5" uspid="50" ordinal="0" offset="0" sl="116" sc="7" el="116" ec="8" />
            </Method>
            <Method visited="false" cyclomaticComplexity="1" sequenceCoverage="0" branchCoverage="0" isConstructor="false" isStatic="false" isGetter="true" isSetter="false">
              <MetadataToken>100663314</MetadataToken>
              <Name>System.String Nurl.Parser::get_Log()</Name>
              <FileRef uid="4" />
              <SequencePoints>
                <SequencePoint vc="0" uspid="53" ordinal="0" offset="0" sl="120" sc="7" el="120" ec="8" />
                <SequencePoint vc="0" uspid="54" ordinal="1" offset="1" sl="120" sc="8" el="120" ec="30" />
                <SequencePoint vc="0" uspid="55" ordinal="2" offset="15" sl="120" sc="30" el="120" ec="31" />
              </SequencePoints>
              <BranchPoints />
              <MethodPoint xsi:type="SequencePoint" vc="0" uspid="53" ordinal="0" offset="0" sl="120" sc="7" el="120" ec="8" />
            </Method>
            <Method visited="true" cyclomaticComplexity="1" sequenceCoverage="100" branchCoverage="100" isConstructor="true" isStatic="false" isGetter="false" isSetter="false">
              <MetadataToken>100663310</MetadataToken>
              <Name>System.Void Nurl.Parser::.ctor(System.String[])</Name>
              <FileRef uid="4" />
              <SequencePoints>
                <SequencePoint vc="5" uspid="56" ordinal="0" offset="0" sl="26" sc="3" el="26" ec="51" />
                <SequencePoint vc="5" uspid="57" ordinal="1" offset="11" sl="28" sc="3" el="28" ec="32" />
                <SequencePoint vc="5" uspid="58" ordinal="2" offset="18" sl="28" sc="32" el="28" ec="33" />
                <SequencePoint vc="5" uspid="59" ordinal="3" offset="19" sl="29" sc="4" el="29" ec="17" />
                <SequencePoint vc="5" uspid="60" ordinal="4" offset="26" sl="30" sc="4" el="30" ec="30" />
                <SequencePoint vc="5" uspid="61" ordinal="5" offset="37" sl="31" sc="3" el="31" ec="4" />
              </SequencePoints>
              <BranchPoints />
              <MethodPoint xsi:type="SequencePoint" vc="5" uspid="56" ordinal="0" offset="0" sl="26" sc="3" el="26" ec="51" />
            </Method>
            <Method visited="true" cyclomaticComplexity="11" sequenceCoverage="81" branchCoverage="90" isConstructor="false" isStatic="false" isGetter="false" isSetter="false">
              <MetadataToken>100663311</MetadataToken>
              <Name>System.Void Nurl.Parser::parseArgs()</Name>
              <FileRef uid="4" />
              <SequencePoints>
                <SequencePoint vc="5" uspid="62" ordinal="0" offset="0" sl="33" sc="26" el="33" ec="27" />
                <SequencePoint vc="5" uspid="63" ordinal="1" offset="1" sl="34" sc="4" el="34" ec="12" />
                <SequencePoint vc="11" uspid="64" ordinal="2" offset="8" sl="36" sc="24" el="36" ec="25" />
                <SequencePoint vc="11" uspid="65" ordinal="3" offset="9" sl="37" sc="5" el="37" ec="65" />
                <SequencePoint vc="3" uspid="66" ordinal="4" offset="35" sl="38" sc="6" el="38" ec="25" />
                <SequencePoint vc="11" uspid="67" ordinal="5" offset="48" sl="40" sc="5" el="40" ec="66" />
                <SequencePoint vc="2" uspid="68" ordinal="6" offset="74" sl="40" sc="66" el="40" ec="67" />
                <SequencePoint vc="2" uspid="69" ordinal="7" offset="75" sl="41" sc="6" el="41" ec="28" />
                <SequencePoint vc="1" uspid="70" ordinal="8" offset="92" sl="41" sc="28" el="41" ec="29" />
                <SequencePoint vc="1" uspid="71" ordinal="9" offset="93" sl="42" sc="7" el="42" ec="23" />
                <SequencePoint vc="1" uspid="72" ordinal="10" offset="100" sl="43" sc="7" el="43" ec="71" />
                <SequencePoint vc="1" uspid="73" ordinal="11" offset="117" sl="44" sc="7" el="44" ec="14" />
                <SequencePoint vc="1" uspid="74" ordinal="12" offset="122" sl="46" sc="6" el="46" ec="67" />
                <SequencePoint vc="1" uspid="75" ordinal="13" offset="152" sl="47" sc="5" el="47" ec="6" />
                <SequencePoint vc="10" uspid="76" ordinal="14" offset="153" sl="49" sc="5" el="49" ec="66" />
                <SequencePoint vc="2" uspid="77" ordinal="15" offset="179" sl="50" sc="8" el="50" ec="28" />
                <SequencePoint vc="10" uspid="78" ordinal="16" offset="192" sl="52" sc="5" el="52" ec="67" />
                <SequencePoint vc="2" uspid="79" ordinal="17" offset="218" sl="52" sc="67" el="52" ec="68" />
                <SequencePoint vc="2" uspid="80" ordinal="18" offset="219" sl="53" sc="6" el="53" ec="28" />
                <SequencePoint vc="0" uspid="81" ordinal="19" offset="236" sl="53" sc="28" el="53" ec="29" />
                <SequencePoint vc="0" uspid="82" ordinal="20" offset="237" sl="54" sc="7" el="54" ec="23" />
                <SequencePoint vc="0" uspid="83" ordinal="21" offset="244" sl="55" sc="7" el="55" ec="72" />
                <SequencePoint vc="0" uspid="84" ordinal="22" offset="261" sl="56" sc="7" el="56" ec="14" />
                <SequencePoint vc="2" uspid="85" ordinal="23" offset="266" sl="58" sc="6" el="58" ec="68" />
                <SequencePoint vc="2" uspid="86" ordinal="24" offset="296" sl="59" sc="5" el="59" ec="6" />
                <SequencePoint vc="10" uspid="87" ordinal="25" offset="297" sl="61" sc="5" el="61" ec="68" />
                <SequencePoint vc="2" uspid="88" ordinal="26" offset="323" sl="61" sc="68" el="61" ec="69" />
                <SequencePoint vc="2" uspid="89" ordinal="27" offset="324" sl="62" sc="6" el="62" ec="28" />
                <SequencePoint vc="1" uspid="90" ordinal="28" offset="341" sl="62" sc="28" el="62" ec="29" />
                <SequencePoint vc="1" uspid="91" ordinal="29" offset="342" sl="63" sc="7" el="63" ec="23" />
                <SequencePoint vc="1" uspid="92" ordinal="30" offset="349" sl="64" sc="7" el="64" ec="73" />
                <SequencePoint vc="1" uspid="93" ordinal="31" offset="366" sl="65" sc="7" el="65" ec="14" />
                <SequencePoint vc="1" uspid="94" ordinal="32" offset="368" sl="68" sc="6" el="68" ec="45" />
                <SequencePoint vc="1" uspid="95" ordinal="33" offset="394" sl="69" sc="7" el="69" ec="65" />
                <SequencePoint vc="0" uspid="96" ordinal="34" offset="415" sl="70" sc="10" el="70" ec="11" />
                <SequencePoint vc="0" uspid="97" ordinal="35" offset="416" sl="71" sc="8" el="71" ec="24" />
                <SequencePoint vc="0" uspid="98" ordinal="36" offset="423" sl="72" sc="8" el="72" ec="104" />
                <SequencePoint vc="0" uspid="99" ordinal="37" offset="440" sl="73" sc="6" el="73" ec="7" />
                <SequencePoint vc="1" uspid="100" ordinal="38" offset="441" sl="74" sc="5" el="74" ec="6" />
                <SequencePoint vc="9" uspid="101" ordinal="39" offset="442" sl="76" sc="5" el="76" ec="9" />
                <SequencePoint vc="9" uspid="102" ordinal="40" offset="446" sl="77" sc="4" el="77" ec="5" />
                <SequencePoint vc="14" uspid="103" ordinal="41" offset="447" sl="36" sc="4" el="36" ec="24" />
                <SequencePoint vc="3" uspid="104" ordinal="42" offset="465" sl="79" sc="4" el="79" ec="16" />
                <SequencePoint vc="5" uspid="105" ordinal="43" offset="472" sl="81" sc="3" el="81" ec="4" />
              </SequencePoints>
              <BranchPoints>
                <BranchPoint vc="3" uspid="106" ordinal="0" offset="33" path="0" />
                <BranchPoint vc="8" uspid="107" ordinal="1" offset="33" path="1" />
                <BranchPoint vc="2" uspid="108" ordinal="2" offset="72" path="0" />
                <BranchPoint vc="9" uspid="109" ordinal="3" offset="72" path="1" />
                <BranchPoint vc="1" uspid="110" ordinal="4" offset="90" path="0" />
                <BranchPoint vc="1" uspid="111" ordinal="5" offset="90" path="1" />
                <BranchPoint vc="2" uspid="112" ordinal="6" offset="177" path="0" />
                <BranchPoint vc="8" uspid="113" ordinal="7" offset="177" path="1" />
                <BranchPoint vc="2" uspid="114" ordinal="8" offset="216" path="0" />
                <BranchPoint vc="8" uspid="115" ordinal="9" offset="216" path="1" />
                <BranchPoint vc="0" uspid="116" ordinal="10" offset="234" path="0" />
                <BranchPoint vc="2" uspid="117" ordinal="11" offset="234" path="1" />
                <BranchPoint vc="2" uspid="118" ordinal="12" offset="321" path="0" />
                <BranchPoint vc="8" uspid="119" ordinal="13" offset="321" path="1" />
                <BranchPoint vc="1" uspid="120" ordinal="14" offset="339" path="0" />
                <BranchPoint vc="1" uspid="121" ordinal="15" offset="339" path="1" />
                <BranchPoint vc="1" uspid="122" ordinal="16" offset="392" path="0" />
                <BranchPoint vc="0" uspid="123" ordinal="17" offset="392" path="1" />
                <BranchPoint vc="3" uspid="124" ordinal="18" offset="460" path="0" />
                <BranchPoint vc="11" uspid="125" ordinal="19" offset="460" path="1" />
              </BranchPoints>
              <MethodPoint xsi:type="SequencePoint" vc="5" uspid="62" ordinal="0" offset="0" sl="33" sc="26" el="33" ec="27" />
            </Method>
            <Method visited="true" cyclomaticComplexity="11" sequenceCoverage="42" branchCoverage="55" isConstructor="false" isStatic="false" isGetter="false" isSetter="false">
              <MetadataToken>100663312</MetadataToken>
              <Name>System.Void Nurl.Parser::checkArgs()</Name>
              <FileRef uid="4" />
              <SequencePoints>
                <SequencePoint vc="3" uspid="126" ordinal="0" offset="0" sl="86" sc="27" el="86" ec="28" />
                <SequencePoint vc="3" uspid="127" ordinal="1" offset="1" sl="87" sc="4" el="87" ec="72" />
                <SequencePoint vc="0" uspid="128" ordinal="2" offset="66" sl="87" sc="72" el="87" ec="73" />
                <SequencePoint vc="0" uspid="129" ordinal="3" offset="67" sl="88" sc="5" el="88" ec="21" />
                <SequencePoint vc="0" uspid="130" ordinal="4" offset="74" sl="89" sc="5" el="89" ec="64" />
                <SequencePoint vc="0" uspid="131" ordinal="5" offset="91" sl="90" sc="5" el="90" ec="12" />
                <SequencePoint vc="3" uspid="132" ordinal="6" offset="96" sl="93" sc="4" el="93" ec="24" />
                <SequencePoint vc="2" uspid="133" ordinal="7" offset="119" sl="93" sc="24" el="93" ec="25" />
                <SequencePoint vc="2" uspid="134" ordinal="8" offset="120" sl="94" sc="5" el="94" ec="21" />
                <SequencePoint vc="2" uspid="135" ordinal="9" offset="127" sl="95" sc="5" el="95" ec="59" />
                <SequencePoint vc="2" uspid="136" ordinal="10" offset="144" sl="96" sc="5" el="96" ec="12" />
                <SequencePoint vc="1" uspid="137" ordinal="11" offset="149" sl="100" sc="4" el="100" ec="19" />
                <SequencePoint vc="1" uspid="138" ordinal="12" offset="167" sl="100" sc="19" el="100" ec="20" />
                <SequencePoint vc="1" uspid="139" ordinal="13" offset="168" sl="101" sc="5" el="101" ec="41" />
                <SequencePoint vc="0" uspid="140" ordinal="14" offset="211" sl="101" sc="41" el="101" ec="42" />
                <SequencePoint vc="0" uspid="141" ordinal="15" offset="212" sl="102" sc="6" el="102" ec="22" />
                <SequencePoint vc="0" uspid="142" ordinal="16" offset="219" sl="103" sc="6" el="103" ec="101" />
                <SequencePoint vc="0" uspid="143" ordinal="17" offset="236" sl="104" sc="5" el="104" ec="6" />
                <SequencePoint vc="1" uspid="144" ordinal="18" offset="237" sl="105" sc="4" el="105" ec="5" />
                <SequencePoint vc="0" uspid="145" ordinal="19" offset="240" sl="106" sc="9" el="106" ec="25" />
                <SequencePoint vc="0" uspid="146" ordinal="20" offset="258" sl="106" sc="25" el="106" ec="26" />
                <SequencePoint vc="0" uspid="147" ordinal="21" offset="259" sl="107" sc="5" el="107" ec="25" />
                <SequencePoint vc="0" uspid="148" ordinal="22" offset="285" sl="107" sc="25" el="107" ec="26" />
                <SequencePoint vc="0" uspid="149" ordinal="23" offset="286" sl="108" sc="6" el="108" ec="22" />
                <SequencePoint vc="0" uspid="150" ordinal="24" offset="293" sl="109" sc="6" el="109" ec="87" />
                <SequencePoint vc="0" uspid="151" ordinal="25" offset="310" sl="110" sc="5" el="110" ec="6" />
                <SequencePoint vc="0" uspid="152" ordinal="26" offset="311" sl="111" sc="4" el="111" ec="5" />
                <SequencePoint vc="3" uspid="153" ordinal="27" offset="312" sl="113" sc="3" el="113" ec="4" />
              </SequencePoints>
              <BranchPoints>
                <BranchPoint vc="1" uspid="154" ordinal="0" offset="12" path="0" />
                <BranchPoint vc="2" uspid="155" ordinal="1" offset="12" path="1" />
                <BranchPoint vc="1" uspid="156" ordinal="2" offset="25" path="0" />
                <BranchPoint vc="0" uspid="157" ordinal="3" offset="25" path="1" />
                <BranchPoint vc="2" uspid="158" ordinal="4" offset="38" path="0" />
                <BranchPoint vc="1" uspid="159" ordinal="5" offset="38" path="1" />
                <BranchPoint vc="0" uspid="160" ordinal="6" offset="64" path="0" />
                <BranchPoint vc="3" uspid="161" ordinal="7" offset="64" path="1" />
                <BranchPoint vc="2" uspid="162" ordinal="8" offset="117" path="0" />
                <BranchPoint vc="1" uspid="163" ordinal="9" offset="117" path="1" />
                <BranchPoint vc="1" uspid="164" ordinal="10" offset="165" path="0" />
                <BranchPoint vc="0" uspid="165" ordinal="11" offset="165" path="1" />
                <BranchPoint vc="1" uspid="166" ordinal="12" offset="187" path="0" />
                <BranchPoint vc="0" uspid="167" ordinal="13" offset="187" path="1" />
                <BranchPoint vc="0" uspid="168" ordinal="14" offset="209" path="0" />
                <BranchPoint vc="1" uspid="169" ordinal="15" offset="209" path="1" />
                <BranchPoint vc="0" uspid="170" ordinal="16" offset="256" path="0" />
                <BranchPoint vc="0" uspid="171" ordinal="17" offset="256" path="1" />
                <BranchPoint vc="0" uspid="172" ordinal="18" offset="283" path="0" />
                <BranchPoint vc="0" uspid="173" ordinal="19" offset="283" path="1" />
              </BranchPoints>
              <MethodPoint xsi:type="SequencePoint" vc="3" uspid="126" ordinal="0" offset="0" sl="86" sc="27" el="86" ec="28" />
            </Method>
          </Methods>
        </Class>
        <Class>
          <FullName>Nurl.Program</FullName>
          <Methods>
            <Method visited="false" cyclomaticComplexity="2" sequenceCoverage="0" branchCoverage="0" isConstructor="false" isStatic="true" isGetter="false" isSetter="false">
              <MetadataToken>100663315</MetadataToken>
              <Name>System.Void Nurl.Program::Main(System.String[])</Name>
              <FileRef uid="5" />
              <SequencePoints>
                <SequencePoint vc="0" uspid="174" ordinal="0" offset="0" sl="16" sc="3" el="16" ec="4" />
                <SequencePoint vc="0" uspid="175" ordinal="1" offset="1" sl="17" sc="4" el="17" ec="32" />
                <SequencePoint vc="0" uspid="176" ordinal="2" offset="8" sl="18" sc="4" el="18" ec="18" />
                <SequencePoint vc="0" uspid="177" ordinal="3" offset="15" sl="20" sc="4" el="20" ec="19" />
                <SequencePoint vc="0" uspid="178" ordinal="4" offset="28" sl="21" sc="5" el="21" ec="30" />
                <SequencePoint vc="0" uspid="179" ordinal="5" offset="40" sl="23" sc="4" el="23" ec="32" />
                <SequencePoint vc="0" uspid="180" ordinal="6" offset="51" sl="24" sc="4" el="24" ec="22" />
                <SequencePoint vc="0" uspid="181" ordinal="7" offset="57" sl="25" sc="3" el="25" ec="4" />
              </SequencePoints>
              <BranchPoints>
                <BranchPoint vc="0" uspid="182" ordinal="0" offset="26" path="0" />
                <BranchPoint vc="0" uspid="183" ordinal="1" offset="26" path="1" />
              </BranchPoints>
              <MethodPoint xsi:type="SequencePoint" vc="0" uspid="174" ordinal="0" offset="0" sl="16" sc="3" el="16" ec="4" />
            </Method>
            <Method visited="false" cyclomaticComplexity="1" sequenceCoverage="0" branchCoverage="0" isConstructor="true" isStatic="false" isGetter="false" isSetter="false">
              <MetadataToken>100663316</MetadataToken>
              <Name>System.Void Nurl.Program::.ctor()</Name>
              <SequencePoints />
              <BranchPoints />
              <MethodPoint vc="0" uspid="184" ordinal="0" offset="0" />
            </Method>
          </Methods>
        </Class>
      </Classes>
    </Module>
    <Module skippedDueTo="Filter" hash="C9-9F-5D-12-C5-E9-EE-67-79-E7-50-BB-8A-CA-6C-48-49-EB-EE-49">
      <FullName>C:\Windows\Microsoft.Net\assembly\GAC_MSIL\mscorlib.resources\v4.0_4.0.0.0_fr_b77a5c561934e089\mscorlib.resources.dll</FullName>
      <ModuleName>mscorlib.resources</ModuleName>
      <Classes />
    </Module>
  </Modules>
</CoverageSession>